Warnings encountered during the last execution of ms3 review (v1.0.2)
=====================================================================

DCML_PHRASE_INCONGRUENCY_WARNING (16,) ms3.Parse.dvorak_silhouettes.op08n06 -- /usr/local/lib/python3.10/site-packages/ms3/utils.py (line 4907) check_phrase_annotations():
	Phrase beginning and endings don't match:
	mn_playthrough phraseend mn_playthrough phraseend
	            1a         {             8a         }
	            8a         {            10a         }
	           10a         {            12a        }{
	           12a        }{            14a        }{
	           14a        }{            16a        }{
	           16a        }{            18a         }
	           22a         {            25a        }{
	           25a        }{            31a         }
	           32a         {            37a        }{
	           37a        }{            43a        }{
	           40a         {            47a        }{
	           43a        }{            49a        }{
	           47a        }{            51a        }{
	           49a        }{            53a         }
	           51a        }{            55a         }
	           54a         {            57a         }
	           56a         {            NaN       NaNWARNING  ms3.Parse.dvorak_silhouettes.op08n10 -- /usr/local/lib/python3.10/site-packages/ms3/utils.py (line 3969) features2tpcs():
	MC 11: #vii in major context corrected to vii.Chord labels where the ratio of colored notes vs. all notes in a segment lies above 0.6:
                                         mc  mn mc_onset       label         chord_tones added_tones  n_colored  n_untouched  count_ratio
dvorak_silhouettes MS3/op08n01.mscx 9     7   6        0       I.I6{          (11, 8, 7)          ()         12            0     1.000000
                                    10    8   7        0           I          (7, 11, 8)          ()          4            0     1.000000
                                    11    8   7      1/4           V          (8, 12, 9)          ()          8            0     1.000000
                                    12    9   8        0          I6          (11, 8, 7)          ()         12            0     1.000000
                                    13   10   9        0           V          (8, 12, 9)          ()          4            0     1.000000
                                    14   10   9      1/4           I          (7, 11, 8)          ()          4            0     1.000000
                                    15   10   9      3/8           V          (8, 12, 9)          ()          4            0     1.000000
                                    16   10   9      5/8          I6          (11, 8, 7)          ()          4            0     1.000000
                                    17   11  10        0       V|HC}          (8, 12, 9)          ()         13            0     1.000000
                                    19   12  11        0         I[I          (7, 11, 8)          ()         17            0     1.000000
                                    20   12  11      5/8          V7       (8, 12, 9, 6)          ()          7            0     1.000000
                                    21   13  12        0           I          (7, 11, 8)          ()         13            0     1.000000
                                    22   13  12      3/8          V7       (8, 12, 9, 6)          ()          8            0     1.000000
                                    23   14  13        0           I          (7, 11, 8)          ()         23            0     1.000000
                                    24   15  14        0          V7       (8, 12, 9, 6)          ()         11            0     1.000000
                                    25   15  14      1/4        V(6)         (8, 12, 11)          ()          7            0     1.000000
                                    26   15  14      3/8          V7       (8, 12, 9, 6)          ()         10            0     1.000000
                                    27   15  14      5/8           I          (7, 11, 8)          ()          6            0     1.000000
                                    28   16  15        0      V7|HC}       (8, 12, 9, 6)          ()         25            0     1.000000
                                    29   17  16      3/8        V(6)         (8, 12, 11)          ()          3            0     1.000000
                                    30   17  16      5/8          V{          (8, 12, 9)          ()          4            0     1.000000
                                    31   18  17        0           I          (7, 11, 8)          ()         17            0     1.000000
                                    32   18  17      5/8          V7       (8, 12, 9, 6)          ()          7            0     1.000000
                                    33   19  18        0           I          (7, 11, 8)          ()         13            0     1.000000
                                    34   19  18      3/8          V7       (8, 12, 9, 6)          ()          8            0     1.000000
                                    35   20  19        0           I          (7, 11, 8)          ()         22            0     1.000000
                                    36   21  20        0          V7       (8, 12, 9, 6)          ()         26            0     1.000000
                                    37   22  21        0      I|PAC}          (7, 11, 8)          ()         27            0     1.000000
                                    39   24  23        0         V43       (9, 6, 8, 12)          ()         45            0     1.000000
                                    40   25  24      3/8   V43(+6+2)       (9, 6, 8, 12)    (11, 10)          7            0     1.000000
                                    41   26  25        0     V43(+6)       (9, 6, 8, 12)       (11,)         26            0     1.000000
                                    42   27  26        0   V43(+6+2)       (9, 6, 8, 12)    (11, 10)         25            0     1.000000
                                    43   27  26      5/8     V43(+6)       (9, 6, 8, 12)       (11,)          7            0     1.000000
                                    44   28  27        0        V43}       (9, 6, 8, 12)          ()         76            0     1.000000
                                    46   31  30      3/8   V43(+6+2)       (9, 6, 8, 12)    (11, 10)          7            0     1.000000
                                    47   32  31        0     V43(+6)       (9, 6, 8, 12)       (11,)         26            0     1.000000
                                    48   33  32        0   V43(+6+2)       (9, 6, 8, 12)    (11, 10)         25            0     1.000000
                                    49   33  32      5/8     V43(+6)       (9, 6, 8, 12)       (11,)          7            0     1.000000
                                    50   34  33        0        V43}       (9, 6, 8, 12)          ()         44            0     1.000000
                                    52   36  35        0           I          (7, 11, 8)          ()         17            0     1.000000
                                    53   36  35      5/8          V7       (8, 12, 9, 6)          ()          7            0     1.000000
                                    54   37  36        0           I          (7, 11, 8)          ()         13            0     1.000000
                                    55   37  36      3/8          V7       (8, 12, 9, 6)          ()          8            0     1.000000
                                    56   38  37        0           I          (7, 11, 8)          ()         23            0     1.000000
                                    57   39  38        0          V7       (8, 12, 9, 6)          ()         11            0     1.000000
                                    58   39  38      1/4        V(6)         (8, 12, 11)          ()          7            0     1.000000
                                    59   39  38      3/8          V7       (8, 12, 9, 6)          ()         10            0     1.000000
                                    60   39  38      5/8           I          (7, 11, 8)          ()          6            0     1.000000
                                    61   40  39        0      V7|HC}       (8, 12, 9, 6)          ()         25            0     1.000000
                                    62   41  40      3/8        V(6)         (8, 12, 11)          ()          3            0     1.000000
                                    63   41  40      5/8          V{          (8, 12, 9)          ()          4            0     1.000000
                                    64   42  41        0           I          (7, 11, 8)          ()         17            0     1.000000
                                    65   42  41      5/8          V7       (8, 12, 9, 6)          ()          7            0     1.000000
                                    66   43  42        0           I          (7, 11, 8)          ()         13            0     1.000000
                                    67   43  42      3/8          V7       (8, 12, 9, 6)          ()          7            0     1.000000
                                    68   44  43        0           I          (7, 11, 8)          ()         22            0     1.000000
                                    69   45  44        0          V7       (8, 12, 9, 6)          ()         23            0     1.000000
                                    70   46  45        0     I]|PAC}          (7, 11, 8)          ()         38            2     0.950000
                   MS3/op08n03.mscx 142  43  43      3/8    viio7/vi  (-4, -7, -10, -13)          ()          4            0     1.000000
                                    223  65  65      3/8    viio7/vi  (-4, -7, -10, -13)          ()          4            0     1.000000
                   MS3/op08n06.mscx 61   32  32        0      ii%43{       (-2, 2, 4, 1)          ()          6            3     0.666667
                                    63   34  34        0       ii%43       (-2, 2, 4, 1)          ()          6            3     0.666667
                                    65   36  36        0       ii%43       (-2, 2, 4, 1)          ()          6            3     0.666667
                   MS3/op08n08.mscx 12    9   9        0         i[i          (2, -1, 3)          ()          8            2     0.800000
                                    14   10  10        0          i]          (2, -1, 3)          ()         13            5     0.722222
                                    15   11  11        0           V           (3, 7, 4)          ()          6            1     0.857143
                                    16   11  11      1/4          V7        (3, 7, 4, 1)          ()          6            3     0.666667
                                    17   12  12        0   i[i|PAC}{          (2, -1, 3)          ()         14            3     0.823529
                   MS3/op08n10.mscx 23   11  11        0   I/bVII[IV           (0, 4, 1)          ()          8            0     1.000000
                                    24   11  11      3/8         ii6           (0, 4, 3)          ()          3            0     1.000000
                                    25   11  11      5/8     #vii%43        (0, 4, 6, 3)          ()          2            1     0.666667
                                    26   12  12        0         I}{           (1, 5, 2)          ()          8            0     1.000000
                                    27   12  12      3/8        vi6]           (1, 5, 4)          ()          6            0     1.000000
                                    56   30  30        0    i/vi[i}{          (1, -2, 2)          ()          6            1     0.857143
                                    57   30  30      3/8          iv          (0, -3, 1)          ()          7            0     1.000000
                                    58   31  31        0          i]          (1, -2, 2)          ()          7            4     0.636364
                   MS3/op08n12.mscx 87   32  31      5/8        V.I{          (8, 12, 9)          ()          3            1     0.750000
                                    88   33  32      1/8           V         (9, 13, 10)          ()          5            0     1.000000
                                    89   33  32      3/8           I          (8, 12, 9)          ()          5            0     1.000000
                                    90   33  32      5/8          V7      (9, 13, 10, 7)          ()          4            0     1.000000
                                    91   34  33        0          I6          (12, 9, 8)          ()          5            0     1.000000
                                    92   34  33      1/4          IV          (7, 11, 8)          ()          4            0     1.000000
                                    93   34  33      3/8          I6          (12, 9, 8)          ()          5            0     1.000000
                                    94   34  33      5/8          V7      (9, 13, 10, 7)          ()          4            0     1.000000
                                    95   35  34        0          I6          (12, 9, 8)          ()          5            0     1.000000
                                    96   35  34      1/4         ii7      (10, 7, 11, 8)          ()          4            0     1.000000
                                    97   35  34      3/8          I6          (12, 9, 8)          ()          5            0     1.000000
                                    98   35  34      5/8          V7      (9, 13, 10, 7)          ()          4            0     1.000000
                                    99   36  35        0     I|IAC}{          (8, 12, 9)          ()          5            0     1.000000
                                    100  36  35      1/4         IV6          (11, 8, 7)          ()          3            0     1.000000
                                    101  36  35      3/8       V6(6)         (13, 12, 9)          ()          4            0     1.000000
                                    102  36  35      5/8          V7      (9, 13, 10, 7)          ()          3            0     1.000000
                                    103  37  36        0           I          (8, 12, 9)          ()          5            0     1.000000
                                    104  37  36      1/4           V         (9, 13, 10)          ()          4            0     1.000000
                                    105  37  36      3/8         I[I          (8, 12, 9)          ()          6            0     1.000000
                                    106  37  36      5/8       viio6         (10, 7, 13)          ()          5            0     1.000000
                                    107  38  37        0           I          (8, 12, 9)          ()          7            0     1.000000
                                    108  38  37      1/4         iio          (10, 7, 4)          ()          5            0     1.000000
                                    109  38  37      3/8           I          (8, 12, 9)          ()          7            0     1.000000
                                    110  38  37      5/8        iio6          (7, 4, 10)          ()          5            0     1.000000
                                    111  39  38        0     I|IAC}{          (8, 12, 9)          ()          7            0     1.000000
                                    112  39  38      1/4        ii%7       (10, 7, 4, 8)          ()          5            0     1.000000
                                    113  39  38      3/8           I          (8, 12, 9)          ()          7            0     1.000000
                                    114  39  38      5/8        iio6          (7, 4, 10)          ()          5            0     1.000000
                                    115  40  39        0           I          (8, 12, 9)          ()          7            0     1.000000
                                    116  40  39      1/4        ii%7       (10, 7, 4, 8)          ()          5            0     1.000000
                                    117  40  39      3/8           I          (8, 12, 9)          ()          7            0     1.000000
                                    118  40  39      5/8        iio6          (7, 4, 10)          ()          5            0     1.000000
                                    119  41  40        0           I          (8, 12, 9)          ()          6            0     1.000000
                                    120  41  40      1/4         iio          (10, 7, 4)          ()          5            0     1.000000
                                    121  41  40      3/8           I          (8, 12, 9)          ()          6            0     1.000000
                                    122  41  40      5/8        iio6          (7, 4, 10)          ()          4            0     1.000000
                                    123  42  41        0           I          (8, 12, 9)          ()          6            0     1.000000
                                    124  42  41      1/4         iio          (10, 7, 4)          ()          5            0     1.000000
                                    125  42  41      3/8           I          (8, 12, 9)          ()          6            0     1.000000
                                    126  42  41      5/8        iio6          (7, 4, 10)          ()          4            0     1.000000
                                    127  43  42        0          I]          (8, 12, 9)          ()          6            0     1.000000
                                    128  43  42      1/4  i.VM7(9)/V     (9, 13, 10, 14)       (11,)          4            0     1.000000
                                    129  43  42      3/8          V7       (8, 12, 9, 6)          ()          6            0     1.000000
                                    130  43  42      5/8    VM7(9)/V     (9, 13, 10, 14)       (11,)          4            0     1.000000
                                    131  44  43        0          V7       (8, 12, 9, 6)          ()          6            0     1.000000
                                    132  44  43      1/4    VM7(9)/V     (9, 13, 10, 14)       (11,)          4            0     1.000000
                                    133  44  43      3/8          V7       (8, 12, 9, 6)          ()          6            0     1.000000
                                    134  44  43      5/8    VM7(9)/V     (9, 13, 10, 14)       (11,)          4            0     1.000000
                                    135  45  44        0          V7       (8, 12, 9, 6)          ()          6            0     1.000000
                                    136  45  44      1/4       #iii6         (8, 12, 11)          ()          2            0     1.000000
                                    137  45  44      3/8         IV6          (10, 7, 6)          ()          4            0     1.000000
                                    138  45  44      5/8          V6          (12, 9, 8)          ()          2            0     1.000000
                                    139  46  45        0         VI6           (7, 4, 3)          ()          4            0     1.000000
                                    140  46  45      1/4          V6          (12, 9, 8)          ()          2            0     1.000000
                                    141  46  45      3/8         VI6           (7, 4, 3)          ()          4            0     1.000000
                                    142  46  45      5/8          V6          (12, 9, 8)          ()          2            0     1.000000
                                    143  47  46        0         VI6           (7, 4, 3)          ()          4            0     1.000000
                                    144  47  46      1/4          V6          (12, 9, 8)          ()          2            0     1.000000
                                    145  47  46      3/8         VI6           (7, 4, 3)          ()          4            0     1.000000
                                    146  47  46      5/8         V6}          (12, 9, 8)          ()          2            0     1.000000
                                    192  74  73      1/4       viio6          (2, -1, 5)          ()          3            0     1.000000
                                    198  75  74      5/8       viio6          (2, -1, 5)          ()          3            0     1.000000
                                    204  77  76      1/4       viio6          (2, -1, 5)          ()          3            0     1.000000